{
  "0 debug pnpm:scope": {
    "selected": 1,
    "workspacePrefix": "/Users/rockie/Documents/GitHub/Gen-X/gx-react-libs"
  },
  "1 error pnpm": {
    "code": "ELIFECYCLE",
    "errno": "ENOENT",
    "syscall": "spawn",
    "file": "/bin/zsh",
    "pkgid": "gx-react-libs@0.0.1",
    "stage": "prettier",
    "script": "prettier --write --ignore-unknown .",
    "pkgname": "gx-react-libs",
    "err": {
      "name": "pnpm",
      "message": "gx-react-libs@0.0.1 prettier: `prettier --write --ignore-unknown .`\nspawn ENOENT",
      "code": "ELIFECYCLE",
      "stack": "pnpm: gx-react-libs@0.0.1 prettier: `prettier --write --ignore-unknown .`\nspawn ENOENT\n    at ChildProcess.<anonymous> (/Users/rockie/Library/pnpm/global/5/.pnpm/pnpm@7.5.0/node_modules/pnpm/dist/pnpm.cjs:95169:22)\n    at ChildProcess.emit (node:events:526:28)\n    at maybeClose (node:internal/child_process:1092:16)\n    at Process.ChildProcess._handle.onexit (node:internal/child_process:302:5)"
    }
  },
  "2 warn pnpm:global": " Local package.json exists, but node_modules missing, did you mean to install?"
}